<?xml version="1.0" encoding="UTF-8"?>
<!-- Generated by org.testng.reporters.JUnitReportReporter -->
<testsuite skipped="0" hostname="WKWIN6219675" name="com.newtours.tests.BookFlightTest" tests="3" failures="0" timestamp="2022-04-07T10:34:34 IST" time="32.493" errors="0">
  <testcase name="registrationPage" time="15.058" classname="com.newtours.tests.BookFlightTest"/>
  <system-out/>
  <testcase name="flightDetailsPage" time="10.974" classname="com.newtours.tests.BookFlightTest"/>
  <system-out/>
  <testcase name="registrationConfirmationPage" time="6.461" classname="com.newtours.tests.BookFlightTest"/>
  <system-out/>
</testsuite> <!-- com.newtours.tests.BookFlightTest -->
