<?xml version="1.0" encoding="UTF-8"?>
<!-- Generated by org.testng.reporters.JUnitReportReporter -->
<testsuite skipped="0" hostname="WKWIN6219675" name="com.newtours.tests.BookFlightTest" tests="3" failures="0" timestamp="2022-04-06T18:35:10 IST" time="32.988" errors="0">
  <testcase name="flightDetailsPage" time="11.499" classname="com.newtours.tests.BookFlightTest"/>
  <system-out/>
  <testcase name="registrationConfirmationPage" time="5.776" classname="com.newtours.tests.BookFlightTest"/>
  <system-out/>
  <testcase name="registrationPage" time="15.713" classname="com.newtours.tests.BookFlightTest"/>
  <system-out/>
</testsuite> <!-- com.newtours.tests.BookFlightTest -->
